<?xml version="1.0" encoding="UTF-8"?>
<!-- Generated by org.testng.reporters.JUnitReportReporter -->
<testsuite hostname="DESKTOP-U6CHUTS" failures="0" tests="3" name="com.store.testcases.TC_WomenPageTest" time="1.531" errors="0" timestamp="2024-02-08T20:52:24 IST" skipped="0">
  <testcase classname="com.store.testcases.TC_WomenPageTest" name="verifyWomenPageTitle" time="0.006"/>
  <testcase classname="com.store.testcases.TC_WomenPageTest" name="verifyFadedShortSleeveTShirt" time="0.026"/>
  <testcase classname="com.store.testcases.TC_WomenPageTest" name="clickOnFadedShortSleeveTShirt" time="1.499"/>
</testsuite> <!-- com.store.testcases.TC_WomenPageTest -->
