<?xml version="1.0" encoding="UTF-8"?>
<!-- Generated by org.testng.reporters.JUnitReportReporter -->
<testsuite hostname="DESKTOP-U6CHUTS" failures="0" tests="2" name="com.store.testcases.TC_HomePageTest" time="0.085" errors="0" timestamp="2024-02-08T10:38:49 IST" skipped="0">
  <testcase classname="com.store.testcases.TC_HomePageTest" name="verifyMyStoreLogo" time="0.055"/>
  <testcase classname="com.store.testcases.TC_HomePageTest" name="verifySignInLink" time="0.030"/>
</testsuite> <!-- com.store.testcases.TC_HomePageTest -->
