<?xml version="1.0" encoding="UTF-8"?>
<!-- Generated by org.testng.reporters.JUnitReportReporter -->
<testsuite hostname="DESKTOP-U6CHUTS" failures="0" tests="5" name="com.store.testcases.TC_HomePageTest" time="1.037" errors="0" timestamp="2024-02-08T12:43:19 IST" skipped="0">
  <testcase classname="com.store.testcases.TC_HomePageTest" name="verifyMyStoreLogo" time="0.062"/>
  <testcase classname="com.store.testcases.TC_HomePageTest" name="verifySignInLink" time="0.030"/>
  <testcase classname="com.store.testcases.TC_HomePageTest" name="verifySearchTextField" time="0.029"/>
  <testcase classname="com.store.testcases.TC_HomePageTest" name="verifyWomensLink" time="0.023"/>
  <testcase classname="com.store.testcases.TC_HomePageTest" name="clickOnSignInLink" time="0.893"/>
</testsuite> <!-- com.store.testcases.TC_HomePageTest -->
