<?xml version="1.0" encoding="UTF-8"?>
<!-- Generated by org.testng.reporters.JUnitReportReporter -->
<testsuite hostname="DESKTOP-U6CHUTS" failures="0" tests="2" name="com.store.testcases.TC_MyAccountCreationPageTest" time="1.935" errors="0" timestamp="2024-02-07T17:34:44 IST" skipped="1">
  <testcase classname="com.store.testcases.TC_MyAccountCreationPageTest" name="verifyLogin" time="1.935"/>
  <testcase classname="com.store.testcases.TC_MyAccountCreationPageTest" name="enterDetailsOnMyAccountCreationPage">
    <skipped/>
  </testcase> <!-- enterDetailsOnMyAccountCreationPage -->
</testsuite> <!-- com.store.testcases.TC_MyAccountCreationPageTest -->
