<?xml version="1.0" encoding="UTF-8"?>
<!-- Generated by org.testng.reporters.JUnitReportReporter -->
<testsuite hostname="DESKTOP-U6CHUTS" failures="0" tests="1" name="com.store.testcases.TC_LoginPageTest" time="2.175" errors="0" timestamp="2024-02-08T20:52:24 IST" skipped="0">
  <testcase classname="com.store.testcases.TC_LoginPageTest" name="verifyLoginWithValidCredentials" time="2.175"/>
</testsuite> <!-- com.store.testcases.TC_LoginPageTest -->
